<?xml version="1.0" encoding="UTF-8"?>
<!-- Generated by org.testng.reporters.JUnitReportReporter -->
<testsuite hostname="LAPTOP-FD43FT9U" failures="0" tests="3" name="testscripts.Login" time="22.702" errors="0" timestamp="2024-08-12T22:36:52 IST" skipped="0">
  <testcase classname="testscripts.Login" name="errorMessageWithInvalidCredentials" time="6.651"/>
  <testcase classname="testscripts.Login" name="errorMessageWithInvalidCredentials" time="6.531"/>
  <testcase classname="testscripts.Login" name="errorMessageWithInvalidCredentials" time="9.520"/>
</testsuite> <!-- testscripts.Login -->
