<?xml version="1.0" encoding="UTF-8"?>
<!-- Generated by org.testng.reporters.JUnitReportReporter -->
<testsuite hostname="LAPTOP-FD43FT9U" failures="0" tests="1" name="testscripts.ResetTest" time="14.344" errors="0" timestamp="2024-08-26T14:54:15 IST" skipped="0">
  <testcase classname="testscripts.ResetTest" name="passwordResetwithValidEmailid" time="14.344"/>
</testsuite> <!-- testscripts.ResetTest -->
