<?xml version="1.0" encoding="UTF-8"?>
<!-- Generated by org.testng.reporters.JUnitReportReporter -->
<testsuite hostname="LAPTOP-FD43FT9U" failures="0" tests="1" name="testscripts.LoginTest" time="21.359" errors="0" timestamp="2024-08-27T14:44:44 IST" skipped="0">
  <testcase classname="testscripts.LoginTest" name="errorMessageWithInvalidCredentials" time="21.359"/>
</testsuite> <!-- testscripts.LoginTest -->
