<?xml version="1.0" encoding="UTF-8"?>
<!-- Generated by org.testng.reporters.JUnitReportReporter -->
<testsuite hostname="LAPTOP-FD43FT9U" failures="0" tests="4" name="testscripts.LoginTest" time="50.367" errors="0" timestamp="2024-09-10T19:46:01 IST" skipped="0">
  <testcase classname="testscripts.LoginTest" name="errorMessageWithInvalidCredentials" time="10.269"/>
  <testcase classname="testscripts.LoginTest" name="errorMessageWithInvalidCredentials" time="10.372"/>
  <testcase classname="testscripts.LoginTest" name="userLoginWithValidCredentials" time="19.025"/>
  <testcase classname="testscripts.LoginTest" name="errorMessageWithInvalidCredentials" time="10.701"/>
</testsuite> <!-- testscripts.LoginTest -->
