<?xml version="1.0" encoding="UTF-8"?>
<!-- Generated by org.testng.reporters.JUnitReportReporter -->
<testsuite hostname="LAPTOP-FD43FT9U" failures="0" tests="4" name="testscripts.UserPageTest" time="105.892" errors="0" timestamp="2024-09-03T23:59:51 IST" skipped="1">
  <testcase classname="testscripts.UserPageTest" name="viewUserProfile" time="31.145">
    <skipped/>
  </testcase> <!-- viewUserProfile -->
  <testcase classname="testscripts.UserPageTest" name="editCreatedUser" time="18.281"/>
  <testcase classname="testscripts.UserPageTest" name="verifyDeleteProfile" time="26.826"/>
  <testcase classname="testscripts.UserPageTest" name="viewUserProfile" time="29.640"/>
</testsuite> <!-- testscripts.UserPageTest -->
