<?xml version="1.0" encoding="UTF-8"?>
<!-- Generated by org.testng.reporters.JUnitReportReporter -->
<testsuite hostname="LAPTOP-FD43FT9U" failures="0" tests="1" name="testscripts.LoginTest" time="14.178" errors="0" timestamp="2024-08-25T20:41:08 IST" skipped="0">
  <testcase classname="testscripts.LoginTest" name="userLoginWithValidCredentials" time="14.178"/>
</testsuite> <!-- testscripts.LoginTest -->
