<?xml version="1.0" encoding="UTF-8"?>
<!-- Generated by org.testng.reporters.JUnitReportReporter -->
<testsuite hostname="LAPTOP-FD43FT9U" failures="0" tests="1" name="testscripts.CreateUsersPageTest" time="19.602" errors="0" timestamp="2024-08-26T21:01:10 IST" skipped="0">
  <testcase classname="testscripts.CreateUsersPageTest" name="verifyLoginWithNewlyAddUser" time="19.602"/>
</testsuite> <!-- testscripts.CreateUsersPageTest -->
