<?xml version="1.0" encoding="UTF-8"?>
<!-- Generated by org.testng.reporters.JUnitReportReporter -->
<testsuite hostname="LAPTOP-FD43FT9U" failures="0" tests="1" name="testscripts.CreateUsersPageTest" time="39.982" errors="0" timestamp="2024-09-04T15:09:17 IST" skipped="0">
  <testcase classname="testscripts.CreateUsersPageTest" name="verifyLoginWithNewlyAddUser" time="39.982"/>
</testsuite> <!-- testscripts.CreateUsersPageTest -->
