<?xml version="1.0" encoding="UTF-8"?>
<!-- Generated by org.testng.reporters.JUnitReportReporter -->
<testsuite hostname="LAPTOP-FD43FT9U" failures="0" tests="3" name="testscripts.UserPageTest" time="71.424" errors="0" timestamp="2024-09-10T19:46:01 IST" skipped="0">
  <testcase classname="testscripts.UserPageTest" name="verifyDeleteProfile" time="23.470"/>
  <testcase classname="testscripts.UserPageTest" name="editCreatedUser" time="23.546"/>
  <testcase classname="testscripts.UserPageTest" name="viewUserProfile" time="24.408"/>
</testsuite> <!-- testscripts.UserPageTest -->
