<?xml version="1.0" encoding="UTF-8"?>
<!-- Generated by org.testng.reporters.JUnitReportReporter -->
<testsuite hostname="LAPTOP-FD43FT9U" failures="0" tests="1" name="testscripts.HomePageTest" time="21.007" errors="0" timestamp="2024-08-28T20:00:23 IST" skipped="0">
  <testcase classname="testscripts.HomePageTest" name="userLoginDate" time="21.007"/>
</testsuite> <!-- testscripts.HomePageTest -->
