<?xml version="1.0" encoding="UTF-8"?>
<!-- Generated by org.testng.reporters.JUnitReportReporter -->
<testsuite hostname="LAPTOP-FD43FT9U" failures="0" tests="1" name="testscripts.Reset" time="14.139" errors="0" timestamp="2024-08-12T22:37:23 IST" skipped="0">
  <testcase classname="testscripts.Reset" name="passwordResetwithValidEmailid" time="14.139"/>
</testsuite> <!-- testscripts.Reset -->
