<?xml version="1.0" encoding="UTF-8"?>
<!-- Generated by org.testng.reporters.JUnitReportReporter -->
<testsuite hostname="LAPTOP-FD43FT9U" failures="0" tests="2" name="testscripts.UserProfilePageTest" time="27.098" errors="0" timestamp="2024-09-10T19:46:01 IST" skipped="0">
  <testcase classname="testscripts.UserProfilePageTest" name="profileUserLogout" time="13.373"/>
  <testcase classname="testscripts.UserProfilePageTest" name="verifyEditProfile" time="13.725"/>
</testsuite> <!-- testscripts.UserProfilePageTest -->
