<?xml version="1.0" encoding="UTF-8"?>
<!-- Generated by org.testng.reporters.JUnitReportReporter -->
<testsuite hostname="LAPTOP-FD43FT9U" failures="0" tests="1" name="testscripts.UserManagementPageTest" time="27.532" errors="0" timestamp="2024-08-28T20:38:47 IST" skipped="0">
  <testcase classname="testscripts.UserManagementPageTest" name="verifyEditProfile" time="27.532"/>
</testsuite> <!-- testscripts.UserManagementPageTest -->
