<?xml version="1.0" encoding="UTF-8"?>
<!-- Generated by org.testng.reporters.JUnitReportReporter -->
<testsuite hostname="LAPTOP-FD43FT9U" failures="0" tests="1" name="testscripts.HomePageTest" time="23.820" errors="0" timestamp="2024-08-27T15:12:06 IST" skipped="0">
  <testcase classname="testscripts.HomePageTest" name="homePageTest" time="23.820"/>
</testsuite> <!-- testscripts.HomePageTest -->
