<?xml version="1.0" encoding="UTF-8"?>
<!-- Generated by org.testng.reporters.JUnitReportReporter -->
<testsuite hostname="LAPTOP-FD43FT9U" failures="0" tests="4" name="testscripts.LoginTest" time="31.119" errors="0" timestamp="2024-09-03T23:59:51 IST" skipped="0">
  <testcase classname="testscripts.LoginTest" name="errorMessageWithInvalidCredentials" time="7.060"/>
  <testcase classname="testscripts.LoginTest" name="errorMessageWithInvalidCredentials" time="5.895"/>
  <testcase classname="testscripts.LoginTest" name="errorMessageWithInvalidCredentials" time="10.072"/>
  <testcase classname="testscripts.LoginTest" name="userLoginWithValidCredentials" time="8.092"/>
</testsuite> <!-- testscripts.LoginTest -->
