<?xml version="1.0" encoding="UTF-8"?>
<!-- Generated by org.testng.reporters.JUnitReportReporter -->
<testsuite hostname="LAPTOP-FD43FT9U" failures="0" tests="1" name="testscripts.CreateUsersPageTest" time="13.734" errors="0" timestamp="2024-08-27T18:34:41 IST" skipped="0">
  <testcase classname="testscripts.CreateUsersPageTest" name="verifyAddUser1" time="13.734"/>
</testsuite> <!-- testscripts.CreateUsersPageTest -->
