<?xml version="1.0" encoding="UTF-8"?>
<!-- Generated by org.testng.reporters.JUnitReportReporter -->
<testsuite hostname="LAPTOP-FD43FT9U" failures="0" tests="1" name="testscripts.UserProfileTest" time="14.094" errors="0" timestamp="2024-08-27T19:24:55 IST" skipped="0">
  <testcase classname="testscripts.UserProfileTest" name="verifyEditProfile" time="14.094"/>
</testsuite> <!-- testscripts.UserProfileTest -->
