<?xml version="1.0" encoding="UTF-8"?>
<!-- Generated by org.testng.reporters.JUnitReportReporter -->
<testsuite hostname="LAPTOP-FD43FT9U" failures="0" tests="3" name="testscripts.LoginTest" time="44.670" errors="0" timestamp="2024-09-02T20:44:46 IST" skipped="0">
  <testcase classname="testscripts.LoginTest" name="errorMessageWithInvalidCredentials" time="18.010"/>
  <testcase classname="testscripts.LoginTest" name="errorMessageWithInvalidCredentials" time="13.440"/>
  <testcase classname="testscripts.LoginTest" name="errorMessageWithInvalidCredentials" time="13.220"/>
</testsuite> <!-- testscripts.LoginTest -->
