<?xml version="1.0" encoding="UTF-8"?>
<!-- Generated by org.testng.reporters.JUnitReportReporter -->
<testsuite hostname="LAPTOP-FD43FT9U" failures="0" tests="1" name="testscripts.UsersDeletionAndViewUsers" time="47.593" errors="0" timestamp="2024-08-27T20:28:28 IST" skipped="0">
  <testcase classname="testscripts.UsersDeletionAndViewUsers" name="verifyDeleteProfile" time="47.593"/>
</testsuite> <!-- testscripts.UsersDeletionAndViewUsers -->
