<?xml version="1.0" encoding="UTF-8"?>
<!-- Generated by org.testng.reporters.JUnitReportReporter -->
<testsuite hostname="LAPTOP-FD43FT9U" failures="0" tests="4" name="testscripts.LoginTest" time="62.317" errors="0" timestamp="2024-09-03T19:39:12 IST" skipped="0">
  <testcase classname="testscripts.LoginTest" name="errorMessageWithInvalidCredentials" time="19.305"/>
  <testcase classname="testscripts.LoginTest" name="errorMessageWithInvalidCredentials" time="19.362"/>
  <testcase classname="testscripts.LoginTest" name="userLoginWithValidCredentials" time="13.361"/>
  <testcase classname="testscripts.LoginTest" name="errorMessageWithInvalidCredentials" time="10.289"/>
</testsuite> <!-- testscripts.LoginTest -->
