<?xml version="1.0" encoding="UTF-8"?>
<!-- Generated by org.testng.reporters.JUnitReportReporter -->
<testsuite hostname="LAPTOP-FD43FT9U" failures="0" tests="1" name="testscripts.ResetTest" time="40.144" errors="0" timestamp="2024-08-16T19:20:41 IST" skipped="0">
  <testcase classname="testscripts.ResetTest" name="errormessagewithInvalidEmailid" time="40.144"/>
</testsuite> <!-- testscripts.ResetTest -->
