<?xml version="1.0" encoding="UTF-8"?>
<!-- Generated by org.testng.reporters.JUnitReportReporter -->
<testsuite hostname="LAPTOP-FD43FT9U" failures="0" tests="1" name="testscripts.CreateUsersPageTest" time="20.663" errors="0" timestamp="2024-08-27T15:08:09 IST" skipped="0">
  <testcase classname="testscripts.CreateUsersPageTest" name="verifyAddUser1" time="20.663"/>
</testsuite> <!-- testscripts.CreateUsersPageTest -->
