<?xml version="1.0" encoding="UTF-8"?>
<!-- Generated by org.testng.reporters.JUnitReportReporter -->
<testsuite hostname="LAPTOP-FD43FT9U" failures="0" tests="1" name="testscripts.ImportContactTest" time="28.986" errors="0" timestamp="2024-09-03T01:17:29 IST" skipped="0">
  <testcase classname="testscripts.ImportContactTest" name="verifyImportContact" time="28.986"/>
</testsuite> <!-- testscripts.ImportContactTest -->
