<?xml version="1.0" encoding="UTF-8"?>
<!-- Generated by org.testng.reporters.JUnitReportReporter -->
<testsuite hostname="LAPTOP-FD43FT9U" failures="0" tests="3" name="testscripts.Login" time="31.880" errors="0" timestamp="2024-08-12T18:53:10 IST" skipped="0">
  <testcase classname="testscripts.Login" name="userLoginWithInvalidCredentials" time="10.966"/>
  <testcase classname="testscripts.Login" name="userLoginWithInvalidCredentials" time="12.556"/>
  <testcase classname="testscripts.Login" name="userLoginWithInvalidCredentials" time="8.358"/>
</testsuite> <!-- testscripts.Login -->
