<?xml version="1.0" encoding="UTF-8"?>
<!-- Generated by org.testng.reporters.JUnitReportReporter -->
<testsuite hostname="LAPTOP-FD43FT9U" failures="0" tests="2" name="testscripts.ResetTest" time="19.614" errors="0" timestamp="2024-09-10T19:46:01 IST" skipped="0">
  <testcase classname="testscripts.ResetTest" name="errormessagewithInvalidEmailid" time="9.759"/>
  <testcase classname="testscripts.ResetTest" name="passwordResetwithValidEmailid" time="9.855"/>
</testsuite> <!-- testscripts.ResetTest -->
