<?xml version="1.0" encoding="UTF-8"?>
<!-- Generated by org.testng.reporters.JUnitReportReporter -->
<testsuite hostname="LAPTOP-FD43FT9U" failures="0" tests="1" name="testscripts.UsersDeletionAndViewUsers" time="24.016" errors="0" timestamp="2024-08-27T21:25:18 IST" skipped="0">
  <testcase classname="testscripts.UsersDeletionAndViewUsers" name="viewUserProfile" time="24.016"/>
</testsuite> <!-- testscripts.UsersDeletionAndViewUsers -->
