<?xml version="1.0" encoding="UTF-8"?>
<!-- Generated by org.testng.reporters.JUnitReportReporter -->
<testsuite hostname="LAPTOP-FD43FT9U" failures="0" tests="1" name="testscripts.CreateUsersPageTest" time="13.874" errors="0" timestamp="2024-08-26T22:16:42 IST" skipped="0">
  <testcase classname="testscripts.CreateUsersPageTest" name="verifyLoginWithNewlyAddUser" time="13.874"/>
</testsuite> <!-- testscripts.CreateUsersPageTest -->
