<?xml version="1.0" encoding="UTF-8"?>
<!-- Generated by org.testng.reporters.JUnitReportReporter -->
<testsuite hostname="LAPTOP-FD43FT9U" failures="0" tests="1" name="testscripts.UserPageTest" time="27.141" errors="0" timestamp="2024-08-30T19:48:39 IST" skipped="0">
  <testcase classname="testscripts.UserPageTest" name="editCreatedUser" time="27.141"/>
</testsuite> <!-- testscripts.UserPageTest -->
