<?xml version="1.0" encoding="UTF-8"?>
<!-- Generated by org.testng.reporters.JUnitReportReporter -->
<testsuite hostname="LAPTOP-FD43FT9U" failures="0" tests="1" name="testscripts.UsersDeletionAndViewUsers" time="26.286" errors="0" timestamp="2024-08-27T21:36:37 IST" skipped="0">
  <testcase classname="testscripts.UsersDeletionAndViewUsers" name="viewUserProfile" time="26.286"/>
</testsuite> <!-- testscripts.UsersDeletionAndViewUsers -->
