<?xml version="1.0" encoding="UTF-8"?>
<!-- Generated by org.testng.reporters.JUnitReportReporter -->
<testsuite hostname="LAPTOP-FD43FT9U" failures="0" tests="1" name="testscripts.HomePageTest" time="11.891" errors="0" timestamp="2024-08-27T20:34:58 IST" skipped="0">
  <testcase classname="testscripts.HomePageTest" name="homePageTest" time="11.891"/>
</testsuite> <!-- testscripts.HomePageTest -->
