<?xml version="1.0" encoding="UTF-8"?>
<!-- Generated by org.testng.reporters.JUnitReportReporter -->
<testsuite hostname="LAPTOP-FD43FT9U" failures="0" tests="1" name="testscripts.CreateUsersPageTest" time="13.614" errors="0" timestamp="2024-09-03T23:59:51 IST" skipped="0">
  <testcase classname="testscripts.CreateUsersPageTest" name="verifyAddUser" time="13.614"/>
</testsuite> <!-- testscripts.CreateUsersPageTest -->
