<?xml version="1.0" encoding="UTF-8"?>
<!-- Generated by org.testng.reporters.JUnitReportReporter -->
<testsuite hostname="LAPTOP-FD43FT9U" failures="0" tests="3" name="testscripts.HomePageTest" time="66.387" errors="0" timestamp="2024-09-10T19:46:01 IST" skipped="2">
  <testcase classname="testscripts.HomePageTest" name="userLoginDate" time="29.197">
    <skipped/>
  </testcase> <!-- userLoginDate -->
  <testcase classname="testscripts.HomePageTest" name="userLoginDate" time="23.089">
    <skipped/>
  </testcase> <!-- userLoginDate -->
  <testcase classname="testscripts.HomePageTest" name="userLoginDate" time="14.101"/>
</testsuite> <!-- testscripts.HomePageTest -->
