<?xml version="1.0" encoding="UTF-8"?>
<!-- Generated by org.testng.reporters.JUnitReportReporter -->
<testsuite hostname="LAPTOP-FD43FT9U" failures="0" tests="1" name="testscripts.UserProfilePageTest" time="17.292" errors="0" timestamp="2024-08-30T20:32:00 IST" skipped="0">
  <testcase classname="testscripts.UserProfilePageTest" name="profileUserLogout" time="17.292"/>
</testsuite> <!-- testscripts.UserProfilePageTest -->
