<?xml version="1.0" encoding="UTF-8"?>
<!-- Generated by org.testng.reporters.JUnitReportReporter -->
<testsuite hostname="LAPTOP-FD43FT9U" failures="0" tests="1" name="testScript.HomePageScript" time="5.728" errors="0" timestamp="2024-09-03T18:33:53 IST" skipped="0">
  <testcase classname="testScript.HomePageScript" name="verifyHomePageTitle" time="5.728"/>
</testsuite> <!-- testScript.HomePageScript -->
