<?xml version="1.0" encoding="UTF-8"?>
<!-- Generated by org.testng.reporters.JUnitReportReporter -->
<testsuite hostname="LAPTOP-FD43FT9U" failures="0" tests="3" name="testScript.LoginPageTest" time="18.443" errors="0" timestamp="2024-08-09T21:05:30 IST" skipped="0">
  <testcase classname="testScript.LoginPageTest" name="userLoginWithInvalidCredentials" time="5.585"/>
  <testcase classname="testScript.LoginPageTest" name="userLoginWithInvalidCredentials" time="7.527"/>
  <testcase classname="testScript.LoginPageTest" name="userLoginWithInvalidCredentials" time="5.331"/>
</testsuite> <!-- testScript.LoginPageTest -->
