<?xml version="1.0" encoding="UTF-8"?>
<!-- Generated by org.testng.reporters.JUnitReportReporter -->
<testsuite hostname="LAPTOP-FD43FT9U" failures="0" tests="8" name="org.TESTNGCommands.Commands" time="116.365" errors="0" timestamp="2024-08-19T20:35:20 IST" skipped="0">
  <testcase classname="org.TESTNGCommands.Commands" name="verifyWaitCommands" time="34.661"/>
  <testcase classname="org.TESTNGCommands.Commands" name="verifyScroll" time="5.364"/>
  <testcase classname="org.TESTNGCommands.Commands" name="demowebshop" time="6.873"/>
  <testcase classname="org.TESTNGCommands.Commands" name="verifyHomePageTitle" time="4.962"/>
  <testcase classname="org.TESTNGCommands.Commands" name="verifyJavascript" time="5.725"/>
  <testcase classname="org.TESTNGCommands.Commands" name="verifyDemoworkshop" time="4.409"/>
  <testcase classname="org.TESTNGCommands.Commands" name="swagLabs" time="3.052"/>
  <testcase classname="org.TESTNGCommands.Commands" name="verifyFluentWait" time="51.319"/>
</testsuite> <!-- org.TESTNGCommands.Commands -->
