<?xml version="1.0" encoding="UTF-8"?>
<!-- Generated by org.testng.reporters.JUnitReportReporter -->
<testsuite hostname="LAPTOP-FD43FT9U" failures="0" tests="4" name="testScript.LoginPageTest" time="30.679" errors="0" timestamp="2024-09-03T18:33:53 IST" skipped="0">
  <testcase classname="testScript.LoginPageTest" name="userLoginWithInvalidCredentials" time="7.330"/>
  <testcase classname="testScript.LoginPageTest" name="userLoginWithInvalidCredentials" time="6.703"/>
  <testcase classname="testScript.LoginPageTest" name="userLoginWithInvalidCredentials" time="7.408"/>
  <testcase classname="testScript.LoginPageTest" name="userLoginWithValidCredentials" time="9.238"/>
</testsuite> <!-- testScript.LoginPageTest -->
