<?xml version="1.0" encoding="UTF-8"?>
<!-- Generated by org.testng.reporters.JUnitReportReporter -->
<testsuite hostname="LAPTOP-FD43FT9U" failures="0" tests="1" name="org.TESTNGCommands.Commands" time="28.133" errors="0" timestamp="2024-08-06T20:43:57 IST" skipped="0">
  <testcase classname="org.TESTNGCommands.Commands" name="verifyFluentWait" time="28.133"/>
</testsuite> <!-- org.TESTNGCommands.Commands -->
