<?xml version="1.0" encoding="UTF-8"?>
<!-- Generated by org.testng.reporters.JUnitReportReporter -->
<testsuite hostname="LAPTOP-FD43FT9U" failures="0" tests="1" name="testScript.HomePageScript" time="5.649" errors="0" timestamp="2024-08-07T21:16:51 IST" skipped="0">
  <testcase classname="testScript.HomePageScript" name="verifyCommunityPollSelection" time="5.649"/>
</testsuite> <!-- testScript.HomePageScript -->
