<?xml version="1.0" encoding="UTF-8"?>
<!-- Generated by org.testng.reporters.JUnitReportReporter -->
<testsuite hostname="LAPTOP-FD43FT9U" failures="0" tests="1" name="testScript.HomePageScript" time="7.726" errors="0" timestamp="2024-08-20T21:12:16 IST" skipped="0">
  <testcase classname="testScript.HomePageScript" name="verifyHomePageTitle" time="7.726"/>
</testsuite> <!-- testScript.HomePageScript -->
