<?xml version="1.0" encoding="UTF-8"?>
<!-- Generated by org.testng.reporters.JUnitReportReporter -->
<testsuite hostname="LAPTOP-FD43FT9U" failures="0" tests="1" name="testScript.RegisterPageTest" time="6.084" errors="0" timestamp="2024-08-19T20:35:20 IST" skipped="0">
  <testcase classname="testScript.RegisterPageTest" name="userRegistration" time="6.084"/>
</testsuite> <!-- testScript.RegisterPageTest -->
