<?xml version="1.0" encoding="UTF-8"?>
<!-- Generated by org.testng.reporters.JUnitReportReporter -->
<testsuite hostname="LAPTOP-FD43FT9U" failures="0" tests="4" name="testScript.LoginPageTest" time="39.154" errors="0" timestamp="2024-08-29T19:29:05 IST" skipped="0">
  <testcase classname="testScript.LoginPageTest" name="userLoginWithInvalidCredentials" time="13.240"/>
  <testcase classname="testScript.LoginPageTest" name="userLoginWithInvalidCredentials" time="8.464"/>
  <testcase classname="testScript.LoginPageTest" name="userLoginWithValidCredentials" time="9.614"/>
  <testcase classname="testScript.LoginPageTest" name="userLoginWithInvalidCredentials" time="7.836"/>
</testsuite> <!-- testScript.LoginPageTest -->
