<?xml version="1.0" encoding="UTF-8"?>
<!-- Generated by org.testng.reporters.JUnitReportReporter -->
<testsuite hostname="LAPTOP-FD43FT9U" failures="0" tests="1" name="testScript.RegisterPageTest" time="5.361" errors="0" timestamp="2024-08-08T20:29:51 IST" skipped="0">
  <testcase classname="testScript.RegisterPageTest" name="userRegistration" time="5.361"/>
</testsuite> <!-- testScript.RegisterPageTest -->
