<?xml version="1.0" encoding="UTF-8"?>
<!-- Generated by org.testng.reporters.JUnitReportReporter -->
<testsuite hostname="LAPTOP-FD43FT9U" failures="0" tests="4" name="testScript.LoginPageTest" time="28.593" errors="0" timestamp="2024-08-23T20:27:22 IST" skipped="0">
  <testcase classname="testScript.LoginPageTest" name="userLoginWithInvalidCredentials" time="7.493"/>
  <testcase classname="testScript.LoginPageTest" name="userLoginWithValidCredentials" time="8.603"/>
  <testcase classname="testScript.LoginPageTest" name="userLoginWithInvalidCredentials" time="5.819"/>
  <testcase classname="testScript.LoginPageTest" name="userLoginWithInvalidCredentials" time="6.678"/>
</testsuite> <!-- testScript.LoginPageTest -->
